<?xml version="1.0" encoding="UTF-8"?>
<testng-results ignored="0" total="2" passed="2" failed="0" skipped="0">
  <reporter-output>
    <line>
      <![CDATA[<B>abdul.shaikh@aqmtechnologies.com</B> is entered in  Login_Into_NewTCS text field]]>
    </line>
    <line>
      <![CDATA[<B>Gaffar@12345</B> is entered in  Login_Into_NewTCS text field]]>
    </line>
    <line>
      <![CDATA[Clicked on <B> Login_Into_NewTCS</B> ]]>
    </line>
    <line>
      <![CDATA[<B>abdul.shaikh@aqmtechnologies.com</B> is entered in  Login_Into_NewTCS text field]]>
    </line>
    <line>
      <![CDATA[<B>Gaffar@12345</B> is entered in  Login_Into_NewTCS text field]]>
    </line>
    <line>
      <![CDATA[Clicked on <B> Login_Into_NewTCS</B> ]]>
    </line>
  </reporter-output>
  <suite started-at="2024-07-26T09:27:28 IST" name="DynamicSuite" finished-at="2024-07-26T09:30:01 IST" duration-ms="153231">
    <groups>
    </groups>
    <test started-at="2024-07-26T09:27:28 IST" name="Group Active Health_Burning Cost_Revised_001" finished-at="2024-07-26T09:28:45 IST" duration-ms="77280">
      <class name="comm.testExecutionsuite">
        <test-method is-config="true" signature="launch()[pri:0, instance:comm.testExecutionsuite@63cd604c]" started-at="2024-07-26T09:27:28 IST" name="launch" finished-at="2024-07-26T09:27:31 IST" duration-ms="3009" status="PASS">
          <reporter-output>
          </reporter-output>
        </test-method> <!-- launch -->
        <test-method signature="demo(java.lang.String,java.lang.String,java.lang.String,java.lang.String,java.lang.String,java.lang.String)[pri:0, instance:comm.testExecutionsuite@63cd604c]" started-at="2024-07-26T09:27:31 IST" name="demo" finished-at="2024-07-26T09:28:44 IST" duration-ms="73709" status="PASS">
          <params>
            <param index="0">
              <value>
                <![CDATA[CreateGroupPricingFlow++]]>
              </value>
            </param>
            <param index="1">
              <value>
                <![CDATA[Group Active Health_Burning Cost_Revised_001]]>
              </value>
            </param>
            <param index="2">
              <value>
                <![CDATA[Positive flow for various family construct]]>
              </value>
            </param>
            <param index="3">
              <value>
                <![CDATA[Positive]]>
              </value>
            </param>
            <param index="4">
              <value>
                <![CDATA[TCS]]>
              </value>
            </param>
            <param index="5">
              <value>
                <![CDATA[Group Active Health_Burning Cost_Revised_001]]>
              </value>
            </param>
          </params>
          <reporter-output>
            <line>
              <![CDATA[<B>abdul.shaikh@aqmtechnologies.com</B> is entered in  Login_Into_NewTCS text field]]>
            </line>
            <line>
              <![CDATA[<B>Gaffar@12345</B> is entered in  Login_Into_NewTCS text field]]>
            </line>
            <line>
              <![CDATA[Clicked on <B> Login_Into_NewTCS</B> ]]>
            </line>
          </reporter-output>
        </test-method> <!-- demo -->
        <test-method is-config="true" signature="Status(org.testng.ITestResult)[pri:0, instance:comm.testExecutionsuite@63cd604c]" started-at="2024-07-26T09:28:44 IST" name="Status" finished-at="2024-07-26T09:28:45 IST" duration-ms="42" status="PASS">
          <params>
            <param index="0">
              <value>
                <![CDATA[[TestResult name=demo status=SUCCESS method=testExecutionsuite.demo(java.lang.String,java.lang.String,java.lang.String,java.lang.String,java.lang.String,java.lang.String)[pri:0, instance:comm.testExecutionsuite@63cd604c] output=<B>abdul.shaikh@aqmtechnologies.com</B> is entered in  Login_Into_NewTCS text field]]]>
              </value>
            </param>
          </params>
          <reporter-output>
          </reporter-output>
        </test-method> <!-- Status -->
        <test-method is-config="true" signature="close()[pri:0, instance:comm.testExecutionsuite@63cd604c]" started-at="2024-07-26T09:28:45 IST" name="close" finished-at="2024-07-26T09:28:45 IST" duration-ms="408" status="PASS">
          <reporter-output>
          </reporter-output>
        </test-method> <!-- close -->
      </class> <!-- comm.testExecutionsuite -->
    </test> <!-- Group Active Health_Burning Cost_Revised_001 -->
    <test started-at="2024-07-26T09:28:45 IST" name="Group Active Health_Burning Cost_Revised_002" finished-at="2024-07-26T09:30:01 IST" duration-ms="75913">
      <class name="comm.testExecutionsuite">
        <test-method is-config="true" signature="setreport()[pri:0, instance:comm.testExecutionsuite@2c177f9e]" started-at="2024-07-26T09:27:28 IST" name="setreport" finished-at="2024-07-26T09:27:28 IST" duration-ms="16" status="PASS">
          <reporter-output>
          </reporter-output>
        </test-method> <!-- setreport -->
        <test-method is-config="true" signature="launch()[pri:0, instance:comm.testExecutionsuite@2c177f9e]" started-at="2024-07-26T09:28:45 IST" name="launch" finished-at="2024-07-26T09:28:48 IST" duration-ms="3175" status="PASS">
          <reporter-output>
          </reporter-output>
        </test-method> <!-- launch -->
        <test-method signature="demo(java.lang.String,java.lang.String,java.lang.String,java.lang.String,java.lang.String,java.lang.String)[pri:0, instance:comm.testExecutionsuite@2c177f9e]" started-at="2024-07-26T09:28:48 IST" name="demo" finished-at="2024-07-26T09:30:01 IST" duration-ms="72541" status="PASS">
          <params>
            <param index="0">
              <value>
                <![CDATA[CreateGroupPricingFlow++]]>
              </value>
            </param>
            <param index="1">
              <value>
                <![CDATA[Group Active Health_Burning Cost_Revised_002]]>
              </value>
            </param>
            <param index="2">
              <value>
                <![CDATA[Positive flow for various family construct]]>
              </value>
            </param>
            <param index="3">
              <value>
                <![CDATA[Positive]]>
              </value>
            </param>
            <param index="4">
              <value>
                <![CDATA[TCS]]>
              </value>
            </param>
            <param index="5">
              <value>
                <![CDATA[Group Active Health_Burning Cost_Revised_002]]>
              </value>
            </param>
          </params>
          <reporter-output>
            <line>
              <![CDATA[<B>abdul.shaikh@aqmtechnologies.com</B> is entered in  Login_Into_NewTCS text field]]>
            </line>
            <line>
              <![CDATA[<B>Gaffar@12345</B> is entered in  Login_Into_NewTCS text field]]>
            </line>
            <line>
              <![CDATA[Clicked on <B> Login_Into_NewTCS</B> ]]>
            </line>
          </reporter-output>
        </test-method> <!-- demo -->
        <test-method is-config="true" signature="Status(org.testng.ITestResult)[pri:0, instance:comm.testExecutionsuite@2c177f9e]" started-at="2024-07-26T09:30:01 IST" name="Status" finished-at="2024-07-26T09:30:01 IST" duration-ms="17" status="PASS">
          <params>
            <param index="0">
              <value>
                <![CDATA[[TestResult name=demo status=SUCCESS method=testExecutionsuite.demo(java.lang.String,java.lang.String,java.lang.String,java.lang.String,java.lang.String,java.lang.String)[pri:0, instance:comm.testExecutionsuite@2c177f9e] output=<B>abdul.shaikh@aqmtechnologies.com</B> is entered in  Login_Into_NewTCS text field]]]>
              </value>
            </param>
          </params>
          <reporter-output>
          </reporter-output>
        </test-method> <!-- Status -->
        <test-method is-config="true" signature="close()[pri:0, instance:comm.testExecutionsuite@2c177f9e]" started-at="2024-07-26T09:30:01 IST" name="close" finished-at="2024-07-26T09:30:01 IST" duration-ms="161" status="PASS">
          <reporter-output>
          </reporter-output>
        </test-method> <!-- close -->
        <test-method is-config="true" signature="clean()[pri:0, instance:comm.testExecutionsuite@2c177f9e]" started-at="2024-07-26T09:30:01 IST" name="clean" finished-at="2024-07-26T09:30:01 IST" duration-ms="47" status="PASS">
          <reporter-output>
          </reporter-output>
        </test-method> <!-- clean -->
      </class> <!-- comm.testExecutionsuite -->
    </test> <!-- Group Active Health_Burning Cost_Revised_002 -->
  </suite> <!-- DynamicSuite -->
</testng-results>
